-------------------------------------------------------------------------------
Test set: myportfolio.ProfileRankingTest
-------------------------------------------------------------------------------
Tests run: 3, Failures: 1, Errors: 0, Skipped: 0, Time elapsed: 0.051 s <<< FAILURE! -- in myportfolio.ProfileRankingTest
myportfolio.ProfileRankingTest.testProfileUpdate -- Time elapsed: 0.020 s <<< FAILURE!
org.opentest4j.AssertionFailedError: プロフィールの更新処理（UserDao.updateAccount）が失敗しました ==> expected: <true> but was: <false>
	at org.junit.jupiter.api.AssertionFailureBuilder.build(AssertionFailureBuilder.java:151)
	at org.junit.jupiter.api.AssertionFailureBuilder.buildAndThrow(AssertionFailureBuilder.java:132)
	at org.junit.jupiter.api.AssertTrue.failNotTrue(AssertTrue.java:63)
	at org.junit.jupiter.api.AssertTrue.assertTrue(AssertTrue.java:36)
	at org.junit.jupiter.api.Assertions.assertTrue(Assertions.java:214)
	at myportfolio.ProfileRankingTest.testProfileUpdate(ProfileRankingTest.java:20)
	at java.base/java.lang.reflect.Method.invoke(Method.java:565)
	at java.base/java.util.ArrayList.forEach(ArrayList.java:1604)
	at java.base/java.util.ArrayList.forEach(ArrayList.java:1604)

